  Generating D:/Projects/MarsEngine/Shader/generated/spv/axis.frag.spv
  D:/Projects/MarsEngine/Shader/glsl/axis.frag
  Generating D:/Projects/MarsEngine/Shader/generated/spv/axis.vert.spv
  D:/Projects/MarsEngine/Shader/glsl/axis.vert
  Generating D:/Projects/MarsEngine/Shader/generated/spv/color_grading.frag.spv
  D:/Projects/MarsEngine/Shader/glsl/color_grading.frag
  Generating D:/Projects/MarsEngine/Shader/generated/spv/combine_ui.frag.spv
  D:/Projects/MarsEngine/Shader/glsl/combine_ui.frag
  Generating D:/Projects/MarsEngine/Shader/generated/spv/debugdraw.frag.spv
  D:/Projects/MarsEngine/Shader/glsl/debugdraw.frag
  Generating D:/Projects/MarsEngine/Shader/generated/spv/debugdraw.vert.spv
  D:/Projects/MarsEngine/Shader/glsl/debugdraw.vert
  Generating D:/Projects/MarsEngine/Shader/generated/spv/deferred_lighting.frag.spv
  D:/Projects/MarsEngine/Shader/glsl/deferred_lighting.frag
  Generating D:/Projects/MarsEngine/Shader/generated/spv/deferred_lighting.vert.spv
  D:/Projects/MarsEngine/Shader/glsl/deferred_lighting.vert
  Generating D:/Projects/MarsEngine/Shader/generated/spv/fxaa.frag.spv
  D:/Projects/MarsEngine/Shader/glsl/fxaa.frag
  Generating D:/Projects/MarsEngine/Shader/generated/spv/fxaa.vert.spv
  D:/Projects/MarsEngine/Shader/glsl/fxaa.vert
  Generating D:/Projects/MarsEngine/Shader/generated/spv/mesh_directional_light_shadow.frag.spv
  D:/Projects/MarsEngine/Shader/glsl/mesh_directional_light_shadow.frag
  Generating D:/Projects/MarsEngine/Shader/generated/spv/mesh_directional_light_shadow.vert.spv
  D:/Projects/MarsEngine/Shader/glsl/mesh_directional_light_shadow.vert
  Generating D:/Projects/MarsEngine/Shader/generated/spv/mesh.frag.spv
  D:/Projects/MarsEngine/Shader/glsl/mesh.frag
  Generating D:/Projects/MarsEngine/Shader/generated/spv/mesh_gbuffer.frag.spv
  D:/Projects/MarsEngine/Shader/glsl/mesh_gbuffer.frag
  Generating D:/Projects/MarsEngine/Shader/generated/spv/mesh_inefficient_pick.frag.spv
  D:/Projects/MarsEngine/Shader/glsl/mesh_inefficient_pick.frag
  Generating D:/Projects/MarsEngine/Shader/generated/spv/mesh_inefficient_pick.vert.spv
  D:/Projects/MarsEngine/Shader/glsl/mesh_inefficient_pick.vert
  Generating D:/Projects/MarsEngine/Shader/generated/spv/mesh_point_light_shadow.frag.spv
  D:/Projects/MarsEngine/Shader/glsl/mesh_point_light_shadow.frag
  Generating D:/Projects/MarsEngine/Shader/generated/spv/mesh_point_light_shadow.geom.spv
  D:/Projects/MarsEngine/Shader/glsl/mesh_point_light_shadow.geom
  Generating D:/Projects/MarsEngine/Shader/generated/spv/mesh_point_light_shadow.vert.spv
  D:/Projects/MarsEngine/Shader/glsl/mesh_point_light_shadow.vert
  Generating D:/Projects/MarsEngine/Shader/generated/spv/mesh.vert.spv
  D:/Projects/MarsEngine/Shader/glsl/mesh.vert
  Generating D:/Projects/MarsEngine/Shader/generated/spv/particle_emit.comp.spv
  D:/Projects/MarsEngine/Shader/glsl/particle_emit.comp
  Generating D:/Projects/MarsEngine/Shader/generated/spv/particle_kickoff.comp.spv
  D:/Projects/MarsEngine/Shader/glsl/particle_kickoff.comp
  Generating D:/Projects/MarsEngine/Shader/generated/spv/particle_simulate.comp.spv
  D:/Projects/MarsEngine/Shader/glsl/particle_simulate.comp
  Generating D:/Projects/MarsEngine/Shader/generated/spv/particlebillboard.frag.spv
  D:/Projects/MarsEngine/Shader/glsl/particlebillboard.frag
  Generating D:/Projects/MarsEngine/Shader/generated/spv/particlebillboard.vert.spv
  D:/Projects/MarsEngine/Shader/glsl/particlebillboard.vert
  Generating D:/Projects/MarsEngine/Shader/generated/spv/post_process.vert.spv
  D:/Projects/MarsEngine/Shader/glsl/post_process.vert
  Generating D:/Projects/MarsEngine/Shader/generated/spv/skybox.frag.spv
  D:/Projects/MarsEngine/Shader/glsl/skybox.frag
  Generating D:/Projects/MarsEngine/Shader/generated/spv/skybox.vert.spv
  D:/Projects/MarsEngine/Shader/glsl/skybox.vert
  Generating D:/Projects/MarsEngine/Shader/generated/spv/tone_mapping.frag.spv
  D:/Projects/MarsEngine/Shader/glsl/tone_mapping.frag
  Building Custom Rule D:/Projects/MarsEngine/Shader/CMakeLists.txt
  Generating D:/Projects/MarsEngine/Shader/generated/cpp/axis_frag.h
CUSTOMBUILD : CMake error : Error processing file: /cmake/GenerateShaderCPPFile.cmake
C:\Program Files\Microsoft Visual Studio\2022\Community\MSBuild\Microsoft\VC\v170\Microsoft.CppCommon.targets(247,5): error MSB8066: “D:\Projects\MarsEngine\build\CMakeFiles\e0936cbc9e90cb392b7ede48098dcc5d\axis.frag.spv.rule;D:\Projects\MarsEngine\build\CMakeFiles\b88c078636bb01d90bd2d346a55cf84e\axis_frag.h.rule;D:\Projects\MarsEngine\build\CMakeFiles\e0936cbc9e90cb392b7ede48098dcc5d\axis.vert.spv.rule;D:\Projects\MarsEngine\build\CMakeFiles\b88c078636bb01d90bd2d346a55cf84e\axis_vert.h.rule;D:\Projects\MarsEngine\build\CMakeFiles\e0936cbc9e90cb392b7ede48098dcc5d\color_grading.frag.spv.rule;D:\Projects\MarsEngine\build\CMakeFiles\b88c078636bb01d90bd2d346a55cf84e\color_grading_frag.h.rule;D:\Projects\MarsEngine\build\CMakeFiles\e0936cbc9e90cb392b7ede48098dcc5d\combine_ui.frag.spv.rule;D:\Projects\MarsEngine\build\CMakeFiles\b88c078636bb01d90bd2d346a55cf84e\combine_ui_frag.h.rule;D:\Projects\MarsEngine\build\CMakeFiles\e0936cbc9e90cb392b7ede48098dcc5d\debugdraw.frag.spv.rule;D:\Projects\MarsEngine\build\CMakeFiles\b88c078636bb01d90bd2d346a55cf84e\debugdraw_frag.h.rule;D:\Projects\MarsEngine\build\CMakeFiles\e0936cbc9e90cb392b7ede48098dcc5d\debugdraw.vert.spv.rule;D:\Projects\MarsEngine\build\CMakeFiles\b88c078636bb01d90bd2d346a55cf84e\debugdraw_vert.h.rule;D:\Projects\MarsEngine\build\CMakeFiles\e0936cbc9e90cb392b7ede48098dcc5d\deferred_lighting.frag.spv.rule;D:\Projects\MarsEngine\build\CMakeFiles\b88c078636bb01d90bd2d346a55cf84e\deferred_lighting_frag.h.rule;D:\Projects\MarsEngine\build\CMakeFiles\e0936cbc9e90cb392b7ede48098dcc5d\deferred_lighting.vert.spv.rule;D:\Projects\MarsEngine\build\CMakeFiles\b88c078636bb01d90bd2d346a55cf84e\deferred_lighting_vert.h.rule;D:\Projects\MarsEngine\build\CMakeFiles\e0936cbc9e90cb392b7ede48098dcc5d\fxaa.frag.spv.rule;D:\Projects\MarsEngine\build\CMakeFiles\b88c078636bb01d90bd2d346a55cf84e\fxaa_frag.h.rule;D:\Projects\MarsEngine\build\CMakeFiles\e0936cbc9e90cb392b7ede48098dcc5d\fxaa.vert.spv.rule;D:\Projects\MarsEngine\build\CMakeFiles\b88c078636bb01d90bd2d346a55cf84e\fxaa_vert.h.rule;D:\Projects\MarsEngine\build\CMakeFiles\e0936cbc9e90cb392b7ede48098dcc5d\mesh_directional_light_shadow.frag.spv.rule;D:\Projects\MarsEngine\build\CMakeFiles\b88c078636bb01d90bd2d346a55cf84e\mesh_directional_light_shadow_frag.h.rule;D:\Projects\MarsEngine\build\CMakeFiles\e0936cbc9e90cb392b7ede48098dcc5d\mesh_directional_light_shadow.vert.spv.rule;D:\Projects\MarsEngine\build\CMakeFiles\b88c078636bb01d90bd2d346a55cf84e\mesh_directional_light_shadow_vert.h.rule;D:\Projects\MarsEngine\build\CMakeFiles\e0936cbc9e90cb392b7ede48098dcc5d\mesh.frag.spv.rule;D:\Projects\MarsEngine\build\CMakeFiles\b88c078636bb01d90bd2d346a55cf84e\mesh_frag.h.rule;D:\Projects\MarsEngine\build\CMakeFiles\e0936cbc9e90cb392b7ede48098dcc5d\mesh_gbuffer.frag.spv.rule;D:\Projects\MarsEngine\build\CMakeFiles\b88c078636bb01d90bd2d346a55cf84e\mesh_gbuffer_frag.h.rule;D:\Projects\MarsEngine\build\CMakeFiles\e0936cbc9e90cb392b7ede48098dcc5d\mesh_inefficient_pick.frag.spv.rule;D:\Projects\MarsEngine\build\CMakeFiles\b88c078636bb01d90bd2d346a55cf84e\mesh_inefficient_pick_frag.h.rule;D:\Projects\MarsEngine\build\CMakeFiles\e0936cbc9e90cb392b7ede48098dcc5d\mesh_inefficient_pick.vert.spv.rule;D:\Projects\MarsEngine\build\CMakeFiles\b88c078636bb01d90bd2d346a55cf84e\mesh_inefficient_pick_vert.h.rule;D:\Projects\MarsEngine\build\CMakeFiles\e0936cbc9e90cb392b7ede48098dcc5d\mesh_point_light_shadow.frag.spv.rule;D:\Projects\MarsEngine\build\CMakeFiles\b88c078636bb01d90bd2d346a55cf84e\mesh_point_light_shadow_frag.h.rule;D:\Projects\MarsEngine\build\CMakeFiles\e0936cbc9e90cb392b7ede48098dcc5d\mesh_point_light_shadow.geom.spv.rule;D:\Projects\MarsEngine\build\CMakeFiles\b88c078636bb01d90bd2d346a55cf84e\mesh_point_light_shadow_geom.h.rule;D:\Projects\MarsEngine\build\CMakeFiles\e0936cbc9e90cb392b7ede48098dcc5d\mesh_point_light_shadow.vert.spv.rule;D:\Projects\MarsEngine\build\CMakeFiles\b88c078636bb01d90bd2d346a55cf84e\mesh_point_light_shadow_vert.h.rule;D:\Projects\MarsEngine\build\CMakeFiles\e0936cbc9e90cb392b7ede48098dcc5d\mesh.vert.spv.rule;D:\Projects\MarsEngine\build\CMakeFiles\b88c078636bb01d90bd2d346a55cf84e\mesh_vert.h.rule;D:\Projects\MarsEngine\build\CMakeFiles\e0936cbc9e90cb392b7ede48098dcc5d\particle_emit.comp.spv.rule;D:\Projects\MarsEngine\build\CMakeFiles\b88c078636bb01d90bd2d346a55cf84e\particle_emit_comp.h.rule;D:\Projects\MarsEngine\build\CMakeFiles\e0936cbc9e90cb392b7ede48098dcc5d\particle_kickoff.comp.spv.rule;D:\Projects\MarsEngine\build\CMakeFiles\b88c078636bb01d90bd2d346a55cf84e\particle_kickoff_comp.h.rule;D:\Projects\MarsEngine\build\CMakeFiles\e0936cbc9e90cb392b7ede48098dcc5d\particle_simulate.comp.spv.rule;D:\Projects\MarsEngine\build\CMakeFiles\b88c078636bb01d90bd2d346a55cf84e\particle_simulate_comp.h.rule;D:\Projects\MarsEngine\build\CMakeFiles\e0936cbc9e90cb392b7ede48098dcc5d\particlebillboard.frag.spv.rule;D:\Projects\MarsEngine\build\CMakeFiles\b88c078636bb01d90bd2d346a55cf84e\particlebillboard_frag.h.rule;D:\Projects\MarsEngine\build\CMakeFiles\e0936cbc9e90cb392b7ede48098dcc5d\particlebillboard.vert.spv.rule;D:\Projects\MarsEngine\build\CMakeFiles\b88c078636bb01d90bd2d346a55cf84e\particlebillboard_vert.h.rule;D:\Projects\MarsEngine\build\CMakeFiles\e0936cbc9e90cb392b7ede48098dcc5d\post_process.vert.spv.rule;D:\Projects\MarsEngine\build\CMakeFiles\b88c078636bb01d90bd2d346a55cf84e\post_process_vert.h.rule;D:\Projects\MarsEngine\build\CMakeFiles\e0936cbc9e90cb392b7ede48098dcc5d\skybox.frag.spv.rule;D:\Projects\MarsEngine\build\CMakeFiles\b88c078636bb01d90bd2d346a55cf84e\skybox_frag.h.rule;D:\Projects\MarsEngine\build\CMakeFiles\e0936cbc9e90cb392b7ede48098dcc5d\skybox.vert.spv.rule;D:\Projects\MarsEngine\build\CMakeFiles\b88c078636bb01d90bd2d346a55cf84e\skybox_vert.h.rule;D:\Projects\MarsEngine\build\CMakeFiles\e0936cbc9e90cb392b7ede48098dcc5d\tone_mapping.frag.spv.rule;D:\Projects\MarsEngine\build\CMakeFiles\b88c078636bb01d90bd2d346a55cf84e\tone_mapping_frag.h.rule;D:\Projects\MarsEngine\build\CMakeFiles\3dbd12b311f7e2c275e48a084445e9f0\ShaderCompile.rule;D:\Projects\MarsEngine\Shader\CMakeLists.txt”的自定义生成已退出，代码为 1。
