  Building Custom Rule D:/Projects/MarsEngine/Runtime/CMakeLists.txt
  Application.cpp
  GUID.cpp
  Layer.cpp
  LayerStack.cpp
  Log.cpp
  ImGuiBuild.cpp
  ImGuiLayer.cpp
  AxisAligned.cpp
  Degree.cpp
  Math.cpp
  Matrix3.cpp
  Matrix4.cpp
  Quaternion.cpp
  Radian.cpp
  Vector2.cpp
  Vector3.cpp
D:\Projects\MarsEngine\Runtime\pch.h(15,10): fatal  error C1083: 无法打开包括文件: “MarsEngine/Core/Log.h”: No such file or directory (编译源文件 D:\Projects\MarsEngine\Runtime\Core\LayerStack.cpp)
D:\Projects\MarsEngine\Runtime\pch.h(15,10): fatal  error C1083: 无法打开包括文件: “MarsEngine/Core/Log.h”: No such file or directory (编译源文件 D:\Projects\MarsEngine\Runtime\Core\Application.cpp)
D:\Projects\MarsEngine\Runtime\pch.h(15,10): fatal  error C1083: 无法打开包括文件: “MarsEngine/Core/Log.h”: No such file or directory (编译源文件 D:\Projects\MarsEngine\Runtime\Function\Math\Vector3.cpp)
D:\Projects\MarsEngine\Runtime\pch.h(15,10): fatal  error C1083: 无法打开包括文件: “MarsEngine/Core/Log.h”: No such file or directory (编译源文件 D:\Projects\MarsEngine\Runtime\Core\GUID.cpp)
D:\Projects\MarsEngine\Runtime\pch.h(15,10): fatal  error C1083: 无法打开包括文件: “MarsEngine/Core/Log.h”: No such file or directory (编译源文件 D:\Projects\MarsEngine\Runtime\Core\Log.cpp)
D:\Projects\MarsEngine\Runtime\pch.h(15,10): fatal  error C1083: 无法打开包括文件: “MarsEngine/Core/Log.h”: No such file or directory (编译源文件 D:\Projects\MarsEngine\Runtime\Function\ImGui\ImGuiBuild.cpp)
D:\Projects\MarsEngine\Runtime\pch.h(15,10): fatal  error C1083: 无法打开包括文件: “MarsEngine/Core/Log.h”: No such file or directory (编译源文件 D:\Projects\MarsEngine\Runtime\Function\Math\Degree.cpp)
  Vector4.cpp
  Buffer.cpp
D:\Projects\MarsEngine\Runtime\pch.h(15,10): fatal  error C1083: 无法打开包括文件: “MarsEngine/Core/Log.h”: No such file or directory (编译源文件 D:\Projects\MarsEngine\Runtime\Function\Math\Vector2.cpp)
D:\Projects\MarsEngine\Runtime\pch.h(15,10): fatal  error C1083: 无法打开包括文件: “MarsEngine/Core/Log.h”: No such file or directory (编译源文件 D:\Projects\MarsEngine\Runtime\Function\Math\Quaternion.cpp)
D:\Projects\MarsEngine\Runtime\pch.h(15,10): fatal  error C1083: 无法打开包括文件: “MarsEngine/Core/Log.h”: No such file or directory (编译源文件 D:\Projects\MarsEngine\Runtime\Core\Layer.cpp)
  EditorCamera.cpp
  FrameBuffer.cpp
  OrthographicCamera.cpp
  OrthographicCameraController.cpp
  RenderCommand.cpp
D:\Projects\MarsEngine\Runtime\pch.h(15,10): fatal  error C1083: 无法打开包括文件: “MarsEngine/Core/Log.h”: No such file or directory (编译源文件 D:\Projects\MarsEngine\Runtime\Function\Math\AxisAligned.cpp)
  Renderer.cpp
  Renderer2D.cpp
D:\Projects\MarsEngine\Runtime\pch.h(15,10): fatal  error C1083: 无法打开包括文件: “MarsEngine/Core/Log.h”: No such file or directory (编译源文件 D:\Projects\MarsEngine\Runtime\Function\Math\Matrix4.cpp)
  RendererAPI.cpp
  Shader.cpp
  SubTexture2D.cpp
D:\Projects\MarsEngine\Runtime\pch.h(15,10): fatal  error C1083: 无法打开包括文件: “MarsEngine/Core/Log.h”: No such file or directory (编译源文件 D:\Projects\MarsEngine\Runtime\Function\Math\Math.cpp)
D:\Projects\MarsEngine\Runtime\pch.h(15,10): fatal  error C1083: 无法打开包括文件: “MarsEngine/Core/Log.h”: No such file or directory (编译源文件 D:\Projects\MarsEngine\Runtime\Function\Math\Radian.cpp)
D:\Projects\MarsEngine\Runtime\pch.h(15,10): fatal  error C1083: 无法打开包括文件: “MarsEngine/Core/Log.h”: No such file or directory (编译源文件 D:\Projects\MarsEngine\Runtime\Function\ImGui\ImGuiLayer.cpp)
  Texture.cpp
  VertexArray.cpp
  Entity.cpp
D:\Projects\MarsEngine\Runtime\pch.h(15,10): fatal  error C1083: 无法打开包括文件: “MarsEngine/Core/Log.h”: No such file or directory (编译源文件 D:\Projects\MarsEngine\Runtime\Function\Math\Matrix3.cpp)
  Scene.cpp
D:\Projects\MarsEngine\Runtime\pch.h(15,10): fatal  error C1083: 无法打开包括文件: “MarsEngine/Core/Log.h”: No such file or directory (编译源文件 D:\Projects\MarsEngine\Runtime\Function\Math\Vector4.cpp)
D:\Projects\MarsEngine\Runtime\pch.h(15,10): fatal  error C1083: 无法打开包括文件: “MarsEngine/Core/Log.h”: No such file or directory (编译源文件 D:\Projects\MarsEngine\Runtime\Function\Renderer\EditorCamera.cpp)
D:\Projects\MarsEngine\Runtime\pch.h(15,10): fatal  error C1083: 无法打开包括文件: “MarsEngine/Core/Log.h”: No such file or directory (编译源文件 D:\Projects\MarsEngine\Runtime\Function\Renderer\FrameBuffer.cpp)
D:\Projects\MarsEngine\Runtime\pch.h(15,10): fatal  error C1083: 无法打开包括文件: “MarsEngine/Core/Log.h”: No such file or directory (编译源文件 D:\Projects\MarsEngine\Runtime\Function\Renderer\Renderer2D.cpp)
  SceneCamera.cpp
  SceneSerializer.cpp
  OpenGLBuffer.cpp
D:\Projects\MarsEngine\Runtime\pch.h(15,10): fatal  error C1083: 无法打开包括文件: “MarsEngine/Core/Log.h”: No such file or directory (编译源文件 D:\Projects\MarsEngine\Runtime\Function\Renderer\RendererAPI.cpp)
D:\Projects\MarsEngine\Runtime\pch.h(15,10): fatal  error C1083: 无法打开包括文件: “MarsEngine/Core/Log.h”: No such file or directory (编译源文件 D:\Projects\MarsEngine\Runtime\Function\Renderer\Buffer.cpp)
D:\Projects\MarsEngine\Runtime\pch.h(15,10): fatal  error C1083: 无法打开包括文件: “MarsEngine/Core/Log.h”: No such file or directory (编译源文件 D:\Projects\MarsEngine\Runtime\Function\Renderer\OrthographicCamera.cpp)
  OpenGLContext.cpp
D:\Projects\MarsEngine\Runtime\pch.h(15,10): fatal  error C1083: 无法打开包括文件: “MarsEngine/Core/Log.h”: No such file or directory (编译源文件 D:\Projects\MarsEngine\Runtime\Function\Renderer\OrthographicCameraController.cpp)
  OpenGLFrameBuffer.cpp
D:\Projects\MarsEngine\Runtime\pch.h(15,10): fatal  error C1083: 无法打开包括文件: “MarsEngine/Core/Log.h”: No such file or directory (编译源文件 D:\Projects\MarsEngine\Runtime\Function\Renderer\VertexArray.cpp)
  OpenGLRendererAPI.cpp
D:\Projects\MarsEngine\Runtime\pch.h(15,10): fatal  error C1083: 无法打开包括文件: “MarsEngine/Core/Log.h”: No such file or directory (编译源文件 D:\Projects\MarsEngine\Runtime\Function\Renderer\Shader.cpp)
D:\Projects\MarsEngine\Runtime\pch.h(15,10): fatal  error C1083: 无法打开包括文件: “MarsEngine/Core/Log.h”: No such file or directory (编译源文件 D:\Projects\MarsEngine\Runtime\Function\Renderer\RenderCommand.cpp)
  OpenGLShader.cpp
D:\Projects\MarsEngine\Runtime\pch.h(15,10): fatal  error C1083: 无法打开包括文件: “MarsEngine/Core/Log.h”: No such file or directory (编译源文件 D:\Projects\MarsEngine\Runtime\Function\Renderer\SubTexture2D.cpp)
D:\Projects\MarsEngine\Runtime\pch.h(15,10): fatal  error C1083: 无法打开包括文件: “MarsEngine/Core/Log.h”: No such file or directory (编译源文件 D:\Projects\MarsEngine\Runtime\Function\Renderer\Renderer.cpp)
  OpenGLTexture.cpp
  OpenGLVertexArray.cpp
  WindowsInput.cpp
  WindowsPlatformUtil.cpp
D:\Projects\MarsEngine\Runtime\pch.h(15,10): fatal  error C1083: 无法打开包括文件: “MarsEngine/Core/Log.h”: No such file or directory (编译源文件 D:\Projects\MarsEngine\Runtime\Function\Scene\Entity.cpp)
  WindowsWindow.cpp
  pch.cpp
D:\Projects\MarsEngine\Runtime\pch.h(15,10): fatal  error C1083: 无法打开包括文件: “MarsEngine/Core/Log.h”: No such file or directory (编译源文件 D:\Projects\MarsEngine\Runtime\Function\Renderer\Texture.cpp)
D:\Projects\MarsEngine\Runtime\pch.h(15,10): fatal  error C1083: 无法打开包括文件: “MarsEngine/Core/Log.h”: No such file or directory (编译源文件 D:\Projects\MarsEngine\Runtime\Function\Scene\Scene.cpp)
D:\Projects\MarsEngine\Runtime\pch.h(15,10): fatal  error C1083: 无法打开包括文件: “MarsEngine/Core/Log.h”: No such file or directory (编译源文件 D:\Projects\MarsEngine\Runtime\Platform\OpenGL\OpenGLContext.cpp)
D:\Projects\MarsEngine\Runtime\pch.h(15,10): fatal  error C1083: 无法打开包括文件: “MarsEngine/Core/Log.h”: No such file or directory (编译源文件 D:\Projects\MarsEngine\Runtime\Platform\OpenGL\OpenGLBuffer.cpp)
D:\Projects\MarsEngine\Runtime\pch.h(15,10): fatal  error C1083: 无法打开包括文件: “MarsEngine/Core/Log.h”: No such file or directory (编译源文件 D:\Projects\MarsEngine\Runtime\Function\Scene\SceneCamera.cpp)
D:\Projects\MarsEngine\Runtime\pch.h(15,10): fatal  error C1083: 无法打开包括文件: “MarsEngine/Core/Log.h”: No such file or directory (编译源文件 D:\Projects\MarsEngine\Runtime\Platform\OpenGL\OpenGLFrameBuffer.cpp)
D:\Projects\MarsEngine\Runtime\pch.h(15,10): fatal  error C1083: 无法打开包括文件: “MarsEngine/Core/Log.h”: No such file or directory (编译源文件 D:\Projects\MarsEngine\Runtime\Function\Scene\SceneSerializer.cpp)
D:\Projects\MarsEngine\Runtime\pch.h(15,10): fatal  error C1083: 无法打开包括文件: “MarsEngine/Core/Log.h”: No such file or directory (编译源文件 D:\Projects\MarsEngine\Runtime\Platform\OpenGL\OpenGLTexture.cpp)
D:\Projects\MarsEngine\Runtime\pch.h(15,10): fatal  error C1083: 无法打开包括文件: “MarsEngine/Core/Log.h”: No such file or directory (编译源文件 D:\Projects\MarsEngine\Runtime\Platform\Windows\WindowsInput.cpp)
D:\Projects\MarsEngine\Runtime\pch.h(15,10): fatal  error C1083: 无法打开包括文件: “MarsEngine/Core/Log.h”: No such file or directory (编译源文件 D:\Projects\MarsEngine\Runtime\Platform\OpenGL\OpenGLRendererAPI.cpp)
D:\Projects\MarsEngine\Runtime\pch.h(15,10): fatal  error C1083: 无法打开包括文件: “MarsEngine/Core/Log.h”: No such file or directory (编译源文件 D:\Projects\MarsEngine\Runtime\pch.cpp)
D:\Projects\MarsEngine\Runtime\pch.h(15,10): fatal  error C1083: 无法打开包括文件: “MarsEngine/Core/Log.h”: No such file or directory (编译源文件 D:\Projects\MarsEngine\Runtime\Platform\OpenGL\OpenGLShader.cpp)
D:\Projects\MarsEngine\Runtime\pch.h(15,10): fatal  error C1083: 无法打开包括文件: “MarsEngine/Core/Log.h”: No such file or directory (编译源文件 D:\Projects\MarsEngine\Runtime\Platform\Windows\WindowsWindow.cpp)
D:\Projects\MarsEngine\Runtime\pch.h(15,10): fatal  error C1083: 无法打开包括文件: “MarsEngine/Core/Log.h”: No such file or directory (编译源文件 D:\Projects\MarsEngine\Runtime\Platform\OpenGL\OpenGLVertexArray.cpp)
D:\Projects\MarsEngine\Runtime\pch.h(15,10): fatal  error C1083: 无法打开包括文件: “MarsEngine/Core/Log.h”: No such file or directory (编译源文件 D:\Projects\MarsEngine\Runtime\Platform\Windows\WindowsPlatformUtil.cpp)
